mode: set
github.com/muhammad6661/wallet/pkg/wallet/service.go:40.77,41.39 1 1
github.com/muhammad6661/wallet/pkg/wallet/service.go:47.4,54.23 4 1
github.com/muhammad6661/wallet/pkg/wallet/service.go:41.39,42.31 1 0
github.com/muhammad6661/wallet/pkg/wallet/service.go:42.31,44.7 1 0
github.com/muhammad6661/wallet/pkg/wallet/service.go:59.116,61.17 1 1
github.com/muhammad6661/wallet/pkg/wallet/service.go:64.3,65.33 2 1
github.com/muhammad6661/wallet/pkg/wallet/service.go:71.3,71.20 1 1
github.com/muhammad6661/wallet/pkg/wallet/service.go:74.3,74.30 1 1
github.com/muhammad6661/wallet/pkg/wallet/service.go:77.3,87.22 5 1
github.com/muhammad6661/wallet/pkg/wallet/service.go:61.17,63.4 1 0
github.com/muhammad6661/wallet/pkg/wallet/service.go:65.33,66.26 1 1
github.com/muhammad6661/wallet/pkg/wallet/service.go:66.26,68.12 2 1
github.com/muhammad6661/wallet/pkg/wallet/service.go:71.20,73.4 1 0
github.com/muhammad6661/wallet/pkg/wallet/service.go:74.30,76.4 1 1
github.com/muhammad6661/wallet/pkg/wallet/service.go:89.69,91.17 1 1
github.com/muhammad6661/wallet/pkg/wallet/service.go:94.3,95.33 2 1
github.com/muhammad6661/wallet/pkg/wallet/service.go:101.3,101.20 1 1
github.com/muhammad6661/wallet/pkg/wallet/service.go:105.3,107.13 2 1
github.com/muhammad6661/wallet/pkg/wallet/service.go:91.17,93.4 1 0
github.com/muhammad6661/wallet/pkg/wallet/service.go:95.33,96.26 1 1
github.com/muhammad6661/wallet/pkg/wallet/service.go:96.26,98.12 2 1
github.com/muhammad6661/wallet/pkg/wallet/service.go:101.20,103.4 1 1
github.com/muhammad6661/wallet/pkg/wallet/service.go:111.49,115.29 2 1
github.com/muhammad6661/wallet/pkg/wallet/service.go:122.8,122.23 1 1
github.com/muhammad6661/wallet/pkg/wallet/service.go:126.8,128.19 2 1
github.com/muhammad6661/wallet/pkg/wallet/service.go:131.8,138.14 7 1
github.com/muhammad6661/wallet/pkg/wallet/service.go:115.29,116.25 1 1
github.com/muhammad6661/wallet/pkg/wallet/service.go:116.25,118.12 2 1
github.com/muhammad6661/wallet/pkg/wallet/service.go:122.23,124.9 1 1
github.com/muhammad6661/wallet/pkg/wallet/service.go:128.19,130.9 1 0
github.com/muhammad6661/wallet/pkg/wallet/service.go:141.73,142.28 1 1
github.com/muhammad6661/wallet/pkg/wallet/service.go:147.3,147.33 1 1
github.com/muhammad6661/wallet/pkg/wallet/service.go:142.28,143.24 1 1
github.com/muhammad6661/wallet/pkg/wallet/service.go:143.24,145.6 1 1
github.com/muhammad6661/wallet/pkg/wallet/service.go:151.79,153.41 1 1
github.com/muhammad6661/wallet/pkg/wallet/service.go:158.4,158.33 1 1
github.com/muhammad6661/wallet/pkg/wallet/service.go:153.41,154.30 1 1
github.com/muhammad6661/wallet/pkg/wallet/service.go:154.30,156.6 1 1
github.com/muhammad6661/wallet/pkg/wallet/service.go:167.70,169.19 2 1
github.com/muhammad6661/wallet/pkg/wallet/service.go:172.4,173.15 2 1
github.com/muhammad6661/wallet/pkg/wallet/service.go:177.3,177.21 1 1
github.com/muhammad6661/wallet/pkg/wallet/service.go:169.19,171.4 1 0
github.com/muhammad6661/wallet/pkg/wallet/service.go:173.15,175.5 1 0
